<?xml version="1.0" encoding="UTF-8"?>
<!-- Generated by org.testng.reporters.JUnitXMLReporter -->
<testsuite ignored="0" hostname="LAPTOP-P6AA0EJQ" failures="0" tests="1" name="Default test(failed)(failed)" time="0.054" errors="0" timestamp="2022-08-23T19:14:46 CDT">
  <testcase classname="variousConcepts.LearnTestNG" name="@BeforeMethod init" time="0.001">
    <failure type="java.lang.NullPointerException" message="Cannot invoke &amp;quot;String.equalsIgnoreCase(String)&amp;quot; because &amp;quot;this.browser&amp;quot; is null">
      <![CDATA[java.lang.NullPointerException: Cannot invoke "String.equalsIgnoreCase(String)" because "this.browser" is null
at variousConcepts.LearnTestNG.init(LearnTestNG.java:56)
at java.base/java.util.ArrayList.forEach(ArrayList.java:1511)
... Removed 31 stack frames]]>
    </failure>
  </testcase> <!-- @BeforeMethod init -->
  <testcase classname="variousConcepts.LearnTestNG" name="@AfterMethod tearDown" time="-1.661300086407E9">
    <skipped/>
  </testcase> <!-- @AfterMethod tearDown -->
  <testcase classname="variousConcepts.LearnTestNG" name="loginTest" time="0.0">
    <skipped/>
  </testcase> <!-- loginTest -->
</testsuite> <!-- Default test(failed)(failed) -->
